# JRE version: OpenJDK Runtime Environment Temurin-21.0.8+9 (21.0.8+9) (build 21.0.8+9-LTS)
# Java VM: OpenJDK 64-Bit Server VM Temurin-21.0.8+9 (21.0.8+9-LTS, mixed mode, sharing, tiered, compressed oops, compressed class ptrs, parallel gc, windows-amd64)
GC Precious Log:
 CardTable entry size: 512
 CPUs: 12 total, 12 available
 Memory: 7518M
 Large Page Support: Disabled
 NUMA Support: Disabled
 Compressed Oops: Enabled (32-bit)
 Alignments: Space 512K, Generation 512K, Heap 2M
 Heap Min Capacity: 100M
 Heap Initial Capacity: 100M
 Heap Max Capacity: 2G
 Pre-touch: Disabled
 Parallel Workers: 10
Heap:
 PSYoungGen      total 1536K, used 1248K [0x00000000d5580000, 0x00000000d5880000, 0x0000000100000000)
  eden space 1024K, 100% used [0x00000000d5580000,0x00000000d5680000,0x00000000d5680000)
  from space 512K, 43% used [0x00000000d5780000,0x00000000d57b8000,0x00000000d5800000)
  to   space 512K, 73% used [0x00000000d5800000,0x00000000d585d808,0x00000000d5880000)
 ParOldGen       total 413184K, used 412738K [0x0000000080000000, 0x0000000099380000, 0x00000000d5580000)
  object space 413184K, 99% used [0x0000000080000000,0x00000000993109c8,0x0000000099380000)
 Metaspace       used 67830K, committed 69184K, reserved 1114112K
  class space    used 7295K, committed 7872K, reserved 1048576K
GC Heap History (20 events):
Event: 30.378 GC heap before
{Heap before GC invocations=499 (full 3):
 PSYoungGen      total 2048K, used 1894K [0x00000000d5580000, 0x00000000d5880000, 0x0000000100000000)
  eden space 1536K, 100% used [0x00000000d5580000,0x00000000d5700000,0x00000000d5700000)
  from space 512K, 70% used [0x00000000d5700000,0x00000000d5759bb8,0x00000000d5780000)
  to   space 512K, 0% used [0x00000000d5800000,0x00000000d5800000,0x00000000d5880000)
 ParOldGen       total 408064K, used 407864K [0x0000000080000000, 0x0000000098e80000, 0x00000000d5580000)
  object space 408064K, 99% used [0x0000000080000000,0x0000000098e4e380,0x0000000098e80000)
 Metaspace       used 67830K, committed 69184K, reserved 1114112K
  class space    used 7295K, committed 7872K, reserved 1048576K
}
Event: 30.380 GC heap after
{Heap after GC invocations=499 (full 3):
 PSYoungGen      total 2048K, used 504K [0x00000000d5580000, 0x00000000d5900000, 0x0000000100000000)
  eden space 1536K, 0% used [0x00000000d5580000,0x00000000d5580000,0x00000000d5700000)
  from space 512K, 98% used [0x00000000d5800000,0x00000000d587e008,0x00000000d5880000)
  to   space 1024K, 0% used [0x00000000d5700000,0x00000000d5700000,0x00000000d5800000)
 ParOldGen       total 408064K, used 408008K [0x0000000080000000, 0x0000000098e80000, 0x00000000d5580000)
  object space 408064K, 99% used [0x0000000080000000,0x0000000098e72380,0x0000000098e80000)
 Metaspace       used 67830K, committed 69184K, reserved 1114112K
  class space    used 7295K, committed 7872K, reserved 1048576K
}
Event: 30.387 GC heap before
{Heap before GC invocations=500 (full 3):
 PSYoungGen      total 2048K, used 2040K [0x00000000d5580000, 0x00000000d5900000, 0x0000000100000000)
  eden space 1536K, 100% used [0x00000000d5580000,0x00000000d5700000,0x00000000d5700000)
  from space 512K, 98% used [0x00000000d5800000,0x00000000d587e008,0x00000000d5880000)
  to   space 1024K, 0% used [0x00000000d5700000,0x00000000d5700000,0x00000000d5800000)
 ParOldGen       total 408064K, used 408008K [0x0000000080000000, 0x0000000098e80000, 0x00000000d5580000)
  object space 408064K, 99% used [0x0000000080000000,0x0000000098e72380,0x0000000098e80000)
 Metaspace       used 67830K, committed 69184K, reserved 1114112K
  class space    used 7295K, committed 7872K, reserved 1048576K
}
Event: 30.389 GC heap after
{Heap after GC invocations=500 (full 3):
 PSYoungGen      total 2560K, used 256K [0x00000000d5580000, 0x00000000d5880000, 0x0000000100000000)
  eden space 1536K, 0% used [0x00000000d5580000,0x00000000d5580000,0x00000000d5700000)
  from space 1024K, 25% used [0x00000000d5700000,0x00000000d5740000,0x00000000d5800000)
  to   space 512K, 0% used [0x00000000d5800000,0x00000000d5800000,0x00000000d5880000)
 ParOldGen       total 408576K, used 408408K [0x0000000080000000, 0x0000000098f00000, 0x00000000d5580000)
  object space 408576K, 99% used [0x0000000080000000,0x0000000098ed6388,0x0000000098f00000)
 Metaspace       used 67830K, committed 69184K, reserved 1114112K
  class space    used 7295K, committed 7872K, reserved 1048576K
}
Event: 30.398 GC heap before
{Heap before GC invocations=501 (full 3):
 PSYoungGen      total 2560K, used 1791K [0x00000000d5580000, 0x00000000d5880000, 0x0000000100000000)
  eden space 1536K, 99% used [0x00000000d5580000,0x00000000d56ffff8,0x00000000d5700000)
  from space 1024K, 25% used [0x00000000d5700000,0x00000000d5740000,0x00000000d5800000)
  to   space 512K, 0% used [0x00000000d5800000,0x00000000d5800000,0x00000000d5880000)
 ParOldGen       total 408576K, used 408408K [0x0000000080000000, 0x0000000098f00000, 0x00000000d5580000)
  object space 408576K, 99% used [0x0000000080000000,0x0000000098ed6388,0x0000000098f00000)
 Metaspace       used 67830K, committed 69184K, reserved 1114112K
  class space    used 7295K, committed 7872K, reserved 1048576K
}
Event: 30.400 GC heap after
{Heap after GC invocations=501 (full 3):
 PSYoungGen      total 2048K, used 320K [0x00000000d5580000, 0x00000000d5880000, 0x0000000100000000)
  eden space 1536K, 0% used [0x00000000d5580000,0x00000000d5580000,0x00000000d5700000)
  from space 512K, 62% used [0x00000000d5800000,0x00000000d5850000,0x00000000d5880000)
  to   space 512K, 0% used [0x00000000d5780000,0x00000000d5780000,0x00000000d5800000)
 ParOldGen       total 409088K, used 408624K [0x0000000080000000, 0x0000000098f80000, 0x00000000d5580000)
  object space 409088K, 99% used [0x0000000080000000,0x0000000098f0c388,0x0000000098f80000)
 Metaspace       used 67830K, committed 69184K, reserved 1114112K
  class space    used 7295K, committed 7872K, reserved 1048576K
}
Event: 30.410 GC heap before
{Heap before GC invocations=502 (full 3):
 PSYoungGen      total 2048K, used 1856K [0x00000000d5580000, 0x00000000d5880000, 0x0000000100000000)
  eden space 1536K, 100% used [0x00000000d5580000,0x00000000d5700000,0x00000000d5700000)
  from space 512K, 62% used [0x00000000d5800000,0x00000000d5850000,0x00000000d5880000)
  to   space 512K, 0% used [0x00000000d5780000,0x00000000d5780000,0x00000000d5800000)
 ParOldGen       total 409088K, used 408624K [0x0000000080000000, 0x0000000098f80000, 0x00000000d5580000)
  object space 409088K, 99% used [0x0000000080000000,0x0000000098f0c388,0x0000000098f80000)
 Metaspace       used 67830K, committed 69184K, reserved 1114112K
  class space    used 7295K, committed 7872K, reserved 1048576K
}
Event: 30.411 GC heap after
{Heap after GC invocations=502 (full 3):
 PSYoungGen      total 2048K, used 352K [0x00000000d5580000, 0x00000000d5880000, 0x0000000100000000)
  eden space 1536K, 0% used [0x00000000d5580000,0x00000000d5580000,0x00000000d5700000)
  from space 512K, 68% used [0x00000000d5780000,0x00000000d57d8000,0x00000000d5800000)
  to   space 512K, 0% used [0x00000000d5800000,0x00000000d5800000,0x00000000d5880000)
 ParOldGen       total 409088K, used 408848K [0x0000000080000000, 0x0000000098f80000, 0x00000000d5580000)
  object space 409088K, 99% used [0x0000000080000000,0x0000000098f44388,0x0000000098f80000)
 Metaspace       used 67830K, committed 69184K, reserved 1114112K
  class space    used 7295K, committed 7872K, reserved 1048576K
}
Event: 30.466 GC heap before
{Heap before GC invocations=503 (full 3):
 PSYoungGen      total 2048K, used 1888K [0x00000000d5580000, 0x00000000d5880000, 0x0000000100000000)
  eden space 1536K, 100% used [0x00000000d5580000,0x00000000d5700000,0x00000000d5700000)
  from space 512K, 68% used [0x00000000d5780000,0x00000000d57d8000,0x00000000d5800000)
  to   space 512K, 0% used [0x00000000d5800000,0x00000000d5800000,0x00000000d5880000)
 ParOldGen       total 409088K, used 408848K [0x0000000080000000, 0x0000000098f80000, 0x00000000d5580000)
  object space 409088K, 99% used [0x0000000080000000,0x0000000098f44388,0x0000000098f80000)
 Metaspace       used 67830K, committed 69184K, reserved 1114112K
  class space    used 7295K, committed 7872K, reserved 1048576K
}
Event: 30.468 GC heap after
{Heap after GC invocations=503 (full 3):
 PSYoungGen      total 1536K, used 504K [0x00000000d5580000, 0x00000000d5a00000, 0x0000000100000000)
  eden space 1024K, 0% used [0x00000000d5580000,0x00000000d5580000,0x00000000d5680000)
  from space 512K, 98% used [0x00000000d5800000,0x00000000d587e000,0x00000000d5880000)
  to   space 1536K, 0% used [0x00000000d5680000,0x00000000d5680000,0x00000000d5800000)
 ParOldGen       total 409600K, used 409500K [0x0000000080000000, 0x0000000099000000, 0x00000000d5580000)
  object space 409600K, 99% used [0x0000000080000000,0x0000000098fe72a0,0x0000000099000000)
 Metaspace       used 67830K, committed 69184K, reserved 1114112K
  class space    used 7295K, committed 7872K, reserved 1048576K
}
Event: 30.487 GC heap before
{Heap before GC invocations=504 (full 3):
 PSYoungGen      total 1536K, used 1494K [0x00000000d5580000, 0x00000000d5a00000, 0x0000000100000000)
  eden space 1024K, 96% used [0x00000000d5580000,0x00000000d5677910,0x00000000d5680000)
  from space 512K, 98% used [0x00000000d5800000,0x00000000d587e000,0x00000000d5880000)
  to   space 1536K, 0% used [0x00000000d5680000,0x00000000d5680000,0x00000000d5800000)
 ParOldGen       total 409600K, used 409500K [0x0000000080000000, 0x0000000099000000, 0x00000000d5580000)
  object space 409600K, 99% used [0x0000000080000000,0x0000000098fe72a0,0x0000000099000000)
 Metaspace       used 67830K, committed 69184K, reserved 1114112K
  class space    used 7295K, committed 7872K, reserved 1048576K
}
Event: 30.489 GC heap after
{Heap after GC invocations=504 (full 3):
 PSYoungGen      total 2560K, used 1173K [0x00000000d5580000, 0x00000000d5980000, 0x0000000100000000)
  eden space 1024K, 0% used [0x00000000d5580000,0x00000000d5580000,0x00000000d5680000)
  from space 1536K, 76% used [0x00000000d5680000,0x00000000d57a5400,0x00000000d5800000)
  to   space 1536K, 0% used [0x00000000d5800000,0x00000000d5800000,0x00000000d5980000)
 ParOldGen       total 410112K, used 409893K [0x0000000080000000, 0x0000000099080000, 0x00000000d5580000)
  object space 410112K, 99% used [0x0000000080000000,0x00000000990496a0,0x0000000099080000)
 Metaspace       used 67830K, committed 69184K, reserved 1114112K
  class space    used 7295K, committed 7872K, reserved 1048576K
}
Event: 30.577 GC heap before
{Heap before GC invocations=505 (full 3):
 PSYoungGen      total 2560K, used 2197K [0x00000000d5580000, 0x00000000d5980000, 0x0000000100000000)
  eden space 1024K, 100% used [0x00000000d5580000,0x00000000d5680000,0x00000000d5680000)
  from space 1536K, 76% used [0x00000000d5680000,0x00000000d57a5400,0x00000000d5800000)
  to   space 1536K, 0% used [0x00000000d5800000,0x00000000d5800000,0x00000000d5980000)
 ParOldGen       total 410112K, used 409893K [0x0000000080000000, 0x0000000099080000, 0x00000000d5580000)
  object space 410112K, 99% used [0x0000000080000000,0x00000000990496a0,0x0000000099080000)
 Metaspace       used 67830K, committed 69184K, reserved 1114112K
  class space    used 7295K, committed 7872K, reserved 1048576K
}
Event: 30.579 GC heap after
{Heap after GC invocations=505 (full 3):
 PSYoungGen      total 2048K, used 728K [0x00000000d5580000, 0x00000000d5900000, 0x0000000100000000)
  eden space 1024K, 0% used [0x00000000d5580000,0x00000000d5580000,0x00000000d5680000)
  from space 1024K, 71% used [0x00000000d5800000,0x00000000d58b63f0,0x00000000d5900000)
  to   space 1024K, 0% used [0x00000000d5700000,0x00000000d5700000,0x00000000d5800000)
 ParOldGen       total 411136K, used 410718K [0x0000000080000000, 0x0000000099180000, 0x00000000d5580000)
  object space 411136K, 99% used [0x0000000080000000,0x0000000099117a90,0x0000000099180000)
 Metaspace       used 67830K, committed 69184K, reserved 1114112K
  class space    used 7295K, committed 7872K, reserved 1048576K
}
Event: 30.590 GC heap before
{Heap before GC invocations=506 (full 3):
 PSYoungGen      total 2048K, used 1752K [0x00000000d5580000, 0x00000000d5900000, 0x0000000100000000)
  eden space 1024K, 100% used [0x00000000d5580000,0x00000000d5680000,0x00000000d5680000)
  from space 1024K, 71% used [0x00000000d5800000,0x00000000d58b63f0,0x00000000d5900000)
  to   space 1024K, 0% used [0x00000000d5700000,0x00000000d5700000,0x00000000d5800000)
 ParOldGen       total 411136K, used 410718K [0x0000000080000000, 0x0000000099180000, 0x00000000d5580000)
  object space 411136K, 99% used [0x0000000080000000,0x0000000099117a90,0x0000000099180000)
 Metaspace       used 67830K, committed 69184K, reserved 1114112K
  class space    used 7295K, committed 7872K, reserved 1048576K
}
Event: 30.592 GC heap after
{Heap after GC invocations=506 (full 3):
 PSYoungGen      total 2048K, used 256K [0x00000000d5580000, 0x00000000d5880000, 0x0000000100000000)
  eden space 1024K, 0% used [0x00000000d5580000,0x00000000d5580000,0x00000000d5680000)
  from space 1024K, 25% used [0x00000000d5700000,0x00000000d5740000,0x00000000d5800000)
  to   space 512K, 0% used [0x00000000d5800000,0x00000000d5800000,0x00000000d5880000)
 ParOldGen       total 411648K, used 411297K [0x0000000080000000, 0x0000000099200000, 0x00000000d5580000)
  object space 411648K, 99% used [0x0000000080000000,0x00000000991a87a8,0x0000000099200000)
 Metaspace       used 67830K, committed 69184K, reserved 1114112K
  class space    used 7295K, committed 7872K, reserved 1048576K
}
Event: 30.600 GC heap before
{Heap before GC invocations=507 (full 3):
 PSYoungGen      total 2048K, used 1265K [0x00000000d5580000, 0x00000000d5880000, 0x0000000100000000)
  eden space 1024K, 98% used [0x00000000d5580000,0x00000000d567c470,0x00000000d5680000)
  from space 1024K, 25% used [0x00000000d5700000,0x00000000d5740000,0x00000000d5800000)
  to   space 512K, 0% used [0x00000000d5800000,0x00000000d5800000,0x00000000d5880000)
 ParOldGen       total 411648K, used 411297K [0x0000000080000000, 0x0000000099200000, 0x00000000d5580000)
  object space 411648K, 99% used [0x0000000080000000,0x00000000991a87a8,0x0000000099200000)
 Metaspace       used 67830K, committed 69184K, reserved 1114112K
  class space    used 7295K, committed 7872K, reserved 1048576K
}
Event: 30.601 GC heap after
{Heap after GC invocations=507 (full 3):
 PSYoungGen      total 1536K, used 320K [0x00000000d5580000, 0x00000000d5880000, 0x0000000100000000)
  eden space 1024K, 0% used [0x00000000d5580000,0x00000000d5580000,0x00000000d5680000)
  from space 512K, 62% used [0x00000000d5800000,0x00000000d5850000,0x00000000d5880000)
  to   space 512K, 0% used [0x00000000d5780000,0x00000000d5780000,0x00000000d5800000)
 ParOldGen       total 411648K, used 411465K [0x0000000080000000, 0x0000000099200000, 0x00000000d5580000)
  object space 411648K, 99% used [0x0000000080000000,0x00000000991d27a8,0x0000000099200000)
 Metaspace       used 67830K, committed 69184K, reserved 1114112K
  class space    used 7295K, committed 7872K, reserved 1048576K
}
Event: 30.666 GC heap before
{Heap before GC invocations=508 (full 3):
 PSYoungGen      total 1536K, used 1344K [0x00000000d5580000, 0x00000000d5880000, 0x0000000100000000)
  eden space 1024K, 100% used [0x00000000d5580000,0x00000000d5680000,0x00000000d5680000)
  from space 512K, 62% used [0x00000000d5800000,0x00000000d5850000,0x00000000d5880000)
  to   space 512K, 0% used [0x00000000d5780000,0x00000000d5780000,0x00000000d5800000)
 ParOldGen       total 411648K, used 411465K [0x0000000080000000, 0x0000000099200000, 0x00000000d5580000)
  object space 411648K, 99% used [0x0000000080000000,0x00000000991d27a8,0x0000000099200000)
 Metaspace       used 67830K, committed 69184K, reserved 1114112K
  class space    used 7295K, committed 7872K, reserved 1048576K
}
Event: 30.667 GC heap after
{Heap after GC invocations=508 (full 3):
 PSYoungGen      total 1536K, used 320K [0x00000000d5580000, 0x00000000d5880000, 0x0000000100000000)
  eden space 1024K, 0% used [0x00000000d5580000,0x00000000d5580000,0x00000000d5680000)
  from space 512K, 62% used [0x00000000d5780000,0x00000000d57d0000,0x00000000d5800000)
  to   space 512K, 0% used [0x00000000d5800000,0x00000000d5800000,0x00000000d5880000)
 ParOldGen       total 411648K, used 411639K [0x0000000080000000, 0x0000000099200000, 0x00000000d5580000)
  object space 411648K, 99% used [0x0000000080000000,0x00000000991fddb0,0x0000000099200000)
 Metaspace       used 67830K, committed 69184K, reserved 1114112K
  class space    used 7295K, committed 7872K, reserved 1048576K
}

